*~
~$*
.~lock.*
~*.tmp
]*.~*
]Icon\r*
].DS_Store
].ds_store
._*
]Thumbs.db
System Volume Information
.*.sw?
.*.*sw?
].TemporaryItems
].Trashes
].DocumentRevisions-V100
].Trash-*
.fseventd
.apdisk
.directory
*.part
*.filepart
*.crdownload
*.kate-swp
*.gnucash.tmp-*
.synkron.*
.sync.ffs_db
.symform
.symform-store
.fuse_hidden*
*.unison
.nfs*
My Saved Places.
\#*#
]*.class
Texfiles
*.aux
*.fdb_latexmk
*synctex.gz
*.lof
*.log
*.lot
*.fls
]*.out
*.toc
*.fmt
*.fot
*.cb
*.cb2
.*.lb
*.dvi
*.xdv
*-converted-to.*
]__pycache__/
.trash/
]*.autosave.xopp
]cursor-positions.json
